0 info it worked if it ends with ok
1 verbose cli [ '/usr/local/bin/node', '/usr/local/bin/npm', 'run', 'build' ]
2 info using npm@3.10.3
3 info using node@v6.5.0
4 verbose run-script [ 'prebuild', 'build', 'postbuild' ]
5 info lifecycle msbotchat@0.0.1~prebuild: msbotchat@0.0.1
6 silly lifecycle msbotchat@0.0.1~prebuild: no script for prebuild, continuing
7 info lifecycle msbotchat@0.0.1~build: msbotchat@0.0.1
8 verbose lifecycle msbotchat@0.0.1~build: unsafe-perm in lifecycle true
9 verbose lifecycle msbotchat@0.0.1~build: PATH: /usr/local/lib/node_modules/npm/bin/node-gyp-bin:/Users/bill/Dropbox/Microsoft/botchat/node_modules/.bin:/usr/local/bin:/Users/bill/.rbenv/shims:/Users/bill/.rbenv/bin:/Users/bill/.rbenv/shims:/usr/local/bin:/usr/bin:/bin:/usr/sbin:/sbin:/usr/local/git/bin:/Applications/Postgres.app/Contents/Versions/latest/bin
10 verbose lifecycle msbotchat@0.0.1~build: CWD: /Users/bill/Dropbox/Microsoft/botchat
11 silly lifecycle msbotchat@0.0.1~build: Args: [ '-c', 'tsc && webpack' ]
12 silly lifecycle msbotchat@0.0.1~build: Returned: code: 2  signal: null
13 info lifecycle msbotchat@0.0.1~build: Failed to exec build script
14 verbose stack Error: msbotchat@0.0.1 build: `tsc && webpack`
14 verbose stack Exit status 2
14 verbose stack     at EventEmitter.<anonymous> (/usr/local/lib/node_modules/npm/lib/utils/lifecycle.js:242:16)
14 verbose stack     at emitTwo (events.js:106:13)
14 verbose stack     at EventEmitter.emit (events.js:191:7)
14 verbose stack     at ChildProcess.<anonymous> (/usr/local/lib/node_modules/npm/lib/utils/spawn.js:40:14)
14 verbose stack     at emitTwo (events.js:106:13)
14 verbose stack     at ChildProcess.emit (events.js:191:7)
14 verbose stack     at maybeClose (internal/child_process.js:877:16)
14 verbose stack     at Process.ChildProcess._handle.onexit (internal/child_process.js:226:5)
15 verbose pkgid msbotchat@0.0.1
16 verbose cwd /Users/bill/Dropbox/Microsoft/botchat
17 error Darwin 15.6.0
18 error argv "/usr/local/bin/node" "/usr/local/bin/npm" "run" "build"
19 error node v6.5.0
20 error npm  v3.10.3
21 error code ELIFECYCLE
22 error msbotchat@0.0.1 build: `tsc && webpack`
22 error Exit status 2
23 error Failed at the msbotchat@0.0.1 build script 'tsc && webpack'.
23 error Make sure you have the latest version of node.js and npm installed.
23 error If you do, this is most likely a problem with the msbotchat package,
23 error not with npm itself.
23 error Tell the author that this fails on your system:
23 error     tsc && webpack
23 error You can get information on how to open an issue for this project with:
23 error     npm bugs msbotchat
23 error Or if that isn't available, you can get their info via:
23 error     npm owner ls msbotchat
23 error There is likely additional logging output above.
24 verbose exit [ 1, true ]
